<?xml version="1.0" encoding="UTF-8"?>
<testsuite xmlns:xsi="http://www.w3.org/2001/XMLSchema-instance" xsi:noNamespaceSchemaLocation="https://maven.apache.org/surefire/maven-surefire-plugin/xsd/surefire-test-report-3.0.xsd" version="3.0" name="TestSuite" time="461.468" tests="60" errors="0" skipped="0" failures="0">
  <properties>
    <property name="java.specification.version" value="17"/>
    <property name="webdriver.chrome.driver" value="C:\Users\Mohamed\.cache\selenium\chromedriver\win64\132.0.6834.159\chromedriver.exe"/>
    <property name="sun.cpu.isalist" value="amd64"/>
    <property name="sun.jnu.encoding" value="Cp1252"/>
    <property name="java.class.path" value="D:\ITI\Automation project\orangehrm\target\test-classes;D:\ITI\Automation project\orangehrm\target\classes;C:\Users\Mohamed\.m2\repository\org\seleniumhq\selenium\selenium-java\4.34.0\selenium-java-4.34.0.jar;C:\Users\Mohamed\.m2\repository\org\seleniumhq\selenium\selenium-api\4.34.0\selenium-api-4.34.0.jar;C:\Users\Mohamed\.m2\repository\org\jspecify\jspecify\1.0.0\jspecify-1.0.0.jar;C:\Users\Mohamed\.m2\repository\org\seleniumhq\selenium\selenium-chrome-driver\4.34.0\selenium-chrome-driver-4.34.0.jar;C:\Users\Mohamed\.m2\repository\com\google\auto\service\auto-service-annotations\1.1.1\auto-service-annotations-1.1.1.jar;C:\Users\Mohamed\.m2\repository\org\seleniumhq\selenium\selenium-chromium-driver\4.34.0\selenium-chromium-driver-4.34.0.jar;C:\Users\Mohamed\.m2\repository\org\seleniumhq\selenium\selenium-json\4.34.0\selenium-json-4.34.0.jar;C:\Users\Mohamed\.m2\repository\org\seleniumhq\selenium\selenium-manager\4.34.0\selenium-manager-4.34.0.jar;C:\Users\Mohamed\.m2\repository\org\seleniumhq\selenium\selenium-devtools-v136\4.34.0\selenium-devtools-v136-4.34.0.jar;C:\Users\Mohamed\.m2\repository\org\seleniumhq\selenium\selenium-devtools-v137\4.34.0\selenium-devtools-v137-4.34.0.jar;C:\Users\Mohamed\.m2\repository\org\seleniumhq\selenium\selenium-devtools-v138\4.34.0\selenium-devtools-v138-4.34.0.jar;C:\Users\Mohamed\.m2\repository\org\seleniumhq\selenium\selenium-edge-driver\4.34.0\selenium-edge-driver-4.34.0.jar;C:\Users\Mohamed\.m2\repository\org\seleniumhq\selenium\selenium-firefox-driver\4.34.0\selenium-firefox-driver-4.34.0.jar;C:\Users\Mohamed\.m2\repository\org\seleniumhq\selenium\selenium-http\4.34.0\selenium-http-4.34.0.jar;C:\Users\Mohamed\.m2\repository\org\seleniumhq\selenium\selenium-ie-driver\4.34.0\selenium-ie-driver-4.34.0.jar;C:\Users\Mohamed\.m2\repository\org\seleniumhq\selenium\selenium-remote-driver\4.34.0\selenium-remote-driver-4.34.0.jar;C:\Users\Mohamed\.m2\repository\com\google\guava\guava\33.4.8-jre\guava-33.4.8-jre.jar;C:\Users\Mohamed\.m2\repository\com\google\guava\failureaccess\1.0.3\failureaccess-1.0.3.jar;C:\Users\Mohamed\.m2\repository\com\google\guava\listenablefuture\9999.0-empty-to-avoid-conflict-with-guava\listenablefuture-9999.0-empty-to-avoid-conflict-with-guava.jar;C:\Users\Mohamed\.m2\repository\com\google\errorprone\error_prone_annotations\2.36.0\error_prone_annotations-2.36.0.jar;C:\Users\Mohamed\.m2\repository\com\google\j2objc\j2objc-annotations\3.0.0\j2objc-annotations-3.0.0.jar;C:\Users\Mohamed\.m2\repository\io\opentelemetry\opentelemetry-api\1.51.0\opentelemetry-api-1.51.0.jar;C:\Users\Mohamed\.m2\repository\io\opentelemetry\opentelemetry-context\1.51.0\opentelemetry-context-1.51.0.jar;C:\Users\Mohamed\.m2\repository\io\opentelemetry\opentelemetry-exporter-logging\1.51.0\opentelemetry-exporter-logging-1.51.0.jar;C:\Users\Mohamed\.m2\repository\io\opentelemetry\opentelemetry-sdk-common\1.51.0\opentelemetry-sdk-common-1.51.0.jar;C:\Users\Mohamed\.m2\repository\io\opentelemetry\opentelemetry-sdk-extension-autoconfigure-spi\1.51.0\opentelemetry-sdk-extension-autoconfigure-spi-1.51.0.jar;C:\Users\Mohamed\.m2\repository\io\opentelemetry\opentelemetry-sdk-extension-autoconfigure\1.51.0\opentelemetry-sdk-extension-autoconfigure-1.51.0.jar;C:\Users\Mohamed\.m2\repository\io\opentelemetry\opentelemetry-sdk-trace\1.51.0\opentelemetry-sdk-trace-1.51.0.jar;C:\Users\Mohamed\.m2\repository\io\opentelemetry\opentelemetry-sdk\1.51.0\opentelemetry-sdk-1.51.0.jar;C:\Users\Mohamed\.m2\repository\io\opentelemetry\opentelemetry-sdk-metrics\1.51.0\opentelemetry-sdk-metrics-1.51.0.jar;C:\Users\Mohamed\.m2\repository\io\opentelemetry\opentelemetry-sdk-logs\1.51.0\opentelemetry-sdk-logs-1.51.0.jar;C:\Users\Mohamed\.m2\repository\net\bytebuddy\byte-buddy\1.17.6\byte-buddy-1.17.6.jar;C:\Users\Mohamed\.m2\repository\org\seleniumhq\selenium\selenium-os\4.34.0\selenium-os-4.34.0.jar;C:\Users\Mohamed\.m2\repository\org\apache\commons\commons-exec\1.5.0\commons-exec-1.5.0.jar;C:\Users\Mohamed\.m2\repository\org\seleniumhq\selenium\selenium-safari-driver\4.34.0\selenium-safari-driver-4.34.0.jar;C:\Users\Mohamed\.m2\repository\org\seleniumhq\selenium\selenium-support\4.34.0\selenium-support-4.34.0.jar;C:\Users\Mohamed\.m2\repository\org\apache\poi\poi\5.4.1\poi-5.4.1.jar;C:\Users\Mohamed\.m2\repository\commons-codec\commons-codec\1.18.0\commons-codec-1.18.0.jar;C:\Users\Mohamed\.m2\repository\org\apache\commons\commons-collections4\4.4\commons-collections4-4.4.jar;C:\Users\Mohamed\.m2\repository\org\apache\commons\commons-math3\3.6.1\commons-math3-3.6.1.jar;C:\Users\Mohamed\.m2\repository\commons-io\commons-io\2.18.0\commons-io-2.18.0.jar;C:\Users\Mohamed\.m2\repository\com\zaxxer\SparseBitSet\1.3\SparseBitSet-1.3.jar;C:\Users\Mohamed\.m2\repository\org\apache\poi\poi-ooxml\5.4.1\poi-ooxml-5.4.1.jar;C:\Users\Mohamed\.m2\repository\org\apache\poi\poi-ooxml-lite\5.4.1\poi-ooxml-lite-5.4.1.jar;C:\Users\Mohamed\.m2\repository\org\apache\xmlbeans\xmlbeans\5.3.0\xmlbeans-5.3.0.jar;C:\Users\Mohamed\.m2\repository\org\apache\commons\commons-compress\1.27.1\commons-compress-1.27.1.jar;C:\Users\Mohamed\.m2\repository\com\github\virtuald\curvesapi\1.08\curvesapi-1.08.jar;C:\Users\Mohamed\.m2\repository\org\apache\logging\log4j\log4j-core\2.25.1\log4j-core-2.25.1.jar;C:\Users\Mohamed\.m2\repository\org\apache\logging\log4j\log4j-api\2.25.1\log4j-api-2.25.1.jar;C:\Users\Mohamed\.m2\repository\org\apache\commons\commons-lang3\3.18.0\commons-lang3-3.18.0.jar;C:\Users\Mohamed\.m2\repository\org\testng\testng\7.11.0\testng-7.11.0.jar;C:\Users\Mohamed\.m2\repository\org\slf4j\slf4j-api\2.0.16\slf4j-api-2.0.16.jar;C:\Users\Mohamed\.m2\repository\org\jcommander\jcommander\1.83\jcommander-1.83.jar;C:\Users\Mohamed\.m2\repository\org\webjars\jquery\3.7.1\jquery-3.7.1.jar;C:\Users\Mohamed\.m2\repository\com\aventstack\extentreports\5.1.2\extentreports-5.1.2.jar;C:\Users\Mohamed\.m2\repository\io\reactivex\rxjava3\rxjava\3.1.6\rxjava-3.1.6.jar;C:\Users\Mohamed\.m2\repository\org\reactivestreams\reactive-streams\1.0.4\reactive-streams-1.0.4.jar;C:\Users\Mohamed\.m2\repository\org\freemarker\freemarker\2.3.32\freemarker-2.3.32.jar;C:\Users\Mohamed\.m2\repository\org\projectlombok\lombok\1.18.26\lombok-1.18.26.jar;C:\Users\Mohamed\.m2\repository\com\google\code\gson\gson\2.10.1\gson-2.10.1.jar;C:\Users\Mohamed\.m2\repository\io\qameta\allure\allure-testng\2.29.0\allure-testng-2.29.0.jar;C:\Users\Mohamed\.m2\repository\io\qameta\allure\allure-java-commons\2.29.0\allure-java-commons-2.29.0.jar;C:\Users\Mohamed\.m2\repository\io\qameta\allure\allure-model\2.29.0\allure-model-2.29.0.jar;C:\Users\Mohamed\.m2\repository\io\qameta\allure\allure-test-filter\2.29.0\allure-test-filter-2.29.0.jar;C:\Users\Mohamed\.m2\repository\io\github\bonigarcia\webdrivermanager\5.8.0\webdrivermanager-5.8.0.jar;C:\Users\Mohamed\.m2\repository\com\github\docker-java\docker-java\3.3.6\docker-java-3.3.6.jar;C:\Users\Mohamed\.m2\repository\com\github\docker-java\docker-java-core\3.3.6\docker-java-core-3.3.6.jar;C:\Users\Mohamed\.m2\repository\com\github\docker-java\docker-java-api\3.3.6\docker-java-api-3.3.6.jar;C:\Users\Mohamed\.m2\repository\com\fasterxml\jackson\core\jackson-annotations\2.10.3\jackson-annotations-2.10.3.jar;C:\Users\Mohamed\.m2\repository\com\fasterxml\jackson\core\jackson-databind\2.10.3\jackson-databind-2.10.3.jar;C:\Users\Mohamed\.m2\repository\com\fasterxml\jackson\core\jackson-core\2.10.3\jackson-core-2.10.3.jar;C:\Users\Mohamed\.m2\repository\org\bouncycastle\bcpkix-jdk18on\1.76\bcpkix-jdk18on-1.76.jar;C:\Users\Mohamed\.m2\repository\org\bouncycastle\bcprov-jdk18on\1.76\bcprov-jdk18on-1.76.jar;C:\Users\Mohamed\.m2\repository\org\bouncycastle\bcutil-jdk18on\1.76\bcutil-jdk18on-1.76.jar;C:\Users\Mohamed\.m2\repository\org\slf4j\jcl-over-slf4j\1.7.30\jcl-over-slf4j-1.7.30.jar;C:\Users\Mohamed\.m2\repository\com\github\docker-java\docker-java-transport-httpclient5\3.3.6\docker-java-transport-httpclient5-3.3.6.jar;C:\Users\Mohamed\.m2\repository\com\github\docker-java\docker-java-transport\3.3.6\docker-java-transport-3.3.6.jar;C:\Users\Mohamed\.m2\repository\net\java\dev\jna\jna\5.13.0\jna-5.13.0.jar;C:\Users\Mohamed\.m2\repository\org\brotli\dec\0.1.2\dec-0.1.2.jar;C:\Users\Mohamed\.m2\repository\org\apache\httpcomponents\client5\httpclient5\5.2.1\httpclient5-5.2.1.jar;C:\Users\Mohamed\.m2\repository\org\apache\httpcomponents\core5\httpcore5\5.2\httpcore5-5.2.jar;C:\Users\Mohamed\.m2\repository\org\apache\httpcomponents\core5\httpcore5-h2\5.2\httpcore5-h2-5.2.jar;C:\Users\Mohamed\.m2\repository\net\datafaker\datafaker\2.4.4\datafaker-2.4.4.jar;C:\Users\Mohamed\.m2\repository\org\yaml\snakeyaml\2.4\snakeyaml-2.4.jar;C:\Users\Mohamed\.m2\repository\com\github\curious-odd-man\rgxgen\3.0\rgxgen-3.0.jar;C:\Users\Mohamed\.m2\repository\com\googlecode\libphonenumber\libphonenumber\9.0.9\libphonenumber-9.0.9.jar;"/>
    <property name="java.vm.vendor" value="Eclipse Adoptium"/>
    <property name="sun.arch.data.model" value="64"/>
    <property name="user.variant" value=""/>
    <property name="java.vendor.url" value="https://adoptium.net/"/>
    <property name="user.timezone" value="Africa/Cairo"/>
    <property name="os.name" value="Windows 11"/>
    <property name="java.vm.specification.version" value="17"/>
    <property name="sun.java.launcher" value="SUN_STANDARD"/>
    <property name="user.country" value="US"/>
    <property name="sun.boot.library.path" value="C:\Program Files\Eclipse Adoptium\jdk-17.0.14.7-hotspot\bin"/>
    <property name="sun.java.command" value="C:\Users\Mohamed\AppData\Local\Temp\surefire16138274298709781442\surefirebooter-20250812023225631_3.jar C:\Users\Mohamed\AppData\Local\Temp\surefire16138274298709781442 2025-08-12T02-32-25_395-jvmRun1 surefire-20250812023225631_1tmp surefire_0-20250812023225631_2tmp"/>
    <property name="jdk.debug" value="release"/>
    <property name="surefire.test.class.path" value="D:\ITI\Automation project\orangehrm\target\test-classes;D:\ITI\Automation project\orangehrm\target\classes;C:\Users\Mohamed\.m2\repository\org\seleniumhq\selenium\selenium-java\4.34.0\selenium-java-4.34.0.jar;C:\Users\Mohamed\.m2\repository\org\seleniumhq\selenium\selenium-api\4.34.0\selenium-api-4.34.0.jar;C:\Users\Mohamed\.m2\repository\org\jspecify\jspecify\1.0.0\jspecify-1.0.0.jar;C:\Users\Mohamed\.m2\repository\org\seleniumhq\selenium\selenium-chrome-driver\4.34.0\selenium-chrome-driver-4.34.0.jar;C:\Users\Mohamed\.m2\repository\com\google\auto\service\auto-service-annotations\1.1.1\auto-service-annotations-1.1.1.jar;C:\Users\Mohamed\.m2\repository\org\seleniumhq\selenium\selenium-chromium-driver\4.34.0\selenium-chromium-driver-4.34.0.jar;C:\Users\Mohamed\.m2\repository\org\seleniumhq\selenium\selenium-json\4.34.0\selenium-json-4.34.0.jar;C:\Users\Mohamed\.m2\repository\org\seleniumhq\selenium\selenium-manager\4.34.0\selenium-manager-4.34.0.jar;C:\Users\Mohamed\.m2\repository\org\seleniumhq\selenium\selenium-devtools-v136\4.34.0\selenium-devtools-v136-4.34.0.jar;C:\Users\Mohamed\.m2\repository\org\seleniumhq\selenium\selenium-devtools-v137\4.34.0\selenium-devtools-v137-4.34.0.jar;C:\Users\Mohamed\.m2\repository\org\seleniumhq\selenium\selenium-devtools-v138\4.34.0\selenium-devtools-v138-4.34.0.jar;C:\Users\Mohamed\.m2\repository\org\seleniumhq\selenium\selenium-edge-driver\4.34.0\selenium-edge-driver-4.34.0.jar;C:\Users\Mohamed\.m2\repository\org\seleniumhq\selenium\selenium-firefox-driver\4.34.0\selenium-firefox-driver-4.34.0.jar;C:\Users\Mohamed\.m2\repository\org\seleniumhq\selenium\selenium-http\4.34.0\selenium-http-4.34.0.jar;C:\Users\Mohamed\.m2\repository\org\seleniumhq\selenium\selenium-ie-driver\4.34.0\selenium-ie-driver-4.34.0.jar;C:\Users\Mohamed\.m2\repository\org\seleniumhq\selenium\selenium-remote-driver\4.34.0\selenium-remote-driver-4.34.0.jar;C:\Users\Mohamed\.m2\repository\com\google\guava\guava\33.4.8-jre\guava-33.4.8-jre.jar;C:\Users\Mohamed\.m2\repository\com\google\guava\failureaccess\1.0.3\failureaccess-1.0.3.jar;C:\Users\Mohamed\.m2\repository\com\google\guava\listenablefuture\9999.0-empty-to-avoid-conflict-with-guava\listenablefuture-9999.0-empty-to-avoid-conflict-with-guava.jar;C:\Users\Mohamed\.m2\repository\com\google\errorprone\error_prone_annotations\2.36.0\error_prone_annotations-2.36.0.jar;C:\Users\Mohamed\.m2\repository\com\google\j2objc\j2objc-annotations\3.0.0\j2objc-annotations-3.0.0.jar;C:\Users\Mohamed\.m2\repository\io\opentelemetry\opentelemetry-api\1.51.0\opentelemetry-api-1.51.0.jar;C:\Users\Mohamed\.m2\repository\io\opentelemetry\opentelemetry-context\1.51.0\opentelemetry-context-1.51.0.jar;C:\Users\Mohamed\.m2\repository\io\opentelemetry\opentelemetry-exporter-logging\1.51.0\opentelemetry-exporter-logging-1.51.0.jar;C:\Users\Mohamed\.m2\repository\io\opentelemetry\opentelemetry-sdk-common\1.51.0\opentelemetry-sdk-common-1.51.0.jar;C:\Users\Mohamed\.m2\repository\io\opentelemetry\opentelemetry-sdk-extension-autoconfigure-spi\1.51.0\opentelemetry-sdk-extension-autoconfigure-spi-1.51.0.jar;C:\Users\Mohamed\.m2\repository\io\opentelemetry\opentelemetry-sdk-extension-autoconfigure\1.51.0\opentelemetry-sdk-extension-autoconfigure-1.51.0.jar;C:\Users\Mohamed\.m2\repository\io\opentelemetry\opentelemetry-sdk-trace\1.51.0\opentelemetry-sdk-trace-1.51.0.jar;C:\Users\Mohamed\.m2\repository\io\opentelemetry\opentelemetry-sdk\1.51.0\opentelemetry-sdk-1.51.0.jar;C:\Users\Mohamed\.m2\repository\io\opentelemetry\opentelemetry-sdk-metrics\1.51.0\opentelemetry-sdk-metrics-1.51.0.jar;C:\Users\Mohamed\.m2\repository\io\opentelemetry\opentelemetry-sdk-logs\1.51.0\opentelemetry-sdk-logs-1.51.0.jar;C:\Users\Mohamed\.m2\repository\net\bytebuddy\byte-buddy\1.17.6\byte-buddy-1.17.6.jar;C:\Users\Mohamed\.m2\repository\org\seleniumhq\selenium\selenium-os\4.34.0\selenium-os-4.34.0.jar;C:\Users\Mohamed\.m2\repository\org\apache\commons\commons-exec\1.5.0\commons-exec-1.5.0.jar;C:\Users\Mohamed\.m2\repository\org\seleniumhq\selenium\selenium-safari-driver\4.34.0\selenium-safari-driver-4.34.0.jar;C:\Users\Mohamed\.m2\repository\org\seleniumhq\selenium\selenium-support\4.34.0\selenium-support-4.34.0.jar;C:\Users\Mohamed\.m2\repository\org\apache\poi\poi\5.4.1\poi-5.4.1.jar;C:\Users\Mohamed\.m2\repository\commons-codec\commons-codec\1.18.0\commons-codec-1.18.0.jar;C:\Users\Mohamed\.m2\repository\org\apache\commons\commons-collections4\4.4\commons-collections4-4.4.jar;C:\Users\Mohamed\.m2\repository\org\apache\commons\commons-math3\3.6.1\commons-math3-3.6.1.jar;C:\Users\Mohamed\.m2\repository\commons-io\commons-io\2.18.0\commons-io-2.18.0.jar;C:\Users\Mohamed\.m2\repository\com\zaxxer\SparseBitSet\1.3\SparseBitSet-1.3.jar;C:\Users\Mohamed\.m2\repository\org\apache\poi\poi-ooxml\5.4.1\poi-ooxml-5.4.1.jar;C:\Users\Mohamed\.m2\repository\org\apache\poi\poi-ooxml-lite\5.4.1\poi-ooxml-lite-5.4.1.jar;C:\Users\Mohamed\.m2\repository\org\apache\xmlbeans\xmlbeans\5.3.0\xmlbeans-5.3.0.jar;C:\Users\Mohamed\.m2\repository\org\apache\commons\commons-compress\1.27.1\commons-compress-1.27.1.jar;C:\Users\Mohamed\.m2\repository\com\github\virtuald\curvesapi\1.08\curvesapi-1.08.jar;C:\Users\Mohamed\.m2\repository\org\apache\logging\log4j\log4j-core\2.25.1\log4j-core-2.25.1.jar;C:\Users\Mohamed\.m2\repository\org\apache\logging\log4j\log4j-api\2.25.1\log4j-api-2.25.1.jar;C:\Users\Mohamed\.m2\repository\org\apache\commons\commons-lang3\3.18.0\commons-lang3-3.18.0.jar;C:\Users\Mohamed\.m2\repository\org\testng\testng\7.11.0\testng-7.11.0.jar;C:\Users\Mohamed\.m2\repository\org\slf4j\slf4j-api\2.0.16\slf4j-api-2.0.16.jar;C:\Users\Mohamed\.m2\repository\org\jcommander\jcommander\1.83\jcommander-1.83.jar;C:\Users\Mohamed\.m2\repository\org\webjars\jquery\3.7.1\jquery-3.7.1.jar;C:\Users\Mohamed\.m2\repository\com\aventstack\extentreports\5.1.2\extentreports-5.1.2.jar;C:\Users\Mohamed\.m2\repository\io\reactivex\rxjava3\rxjava\3.1.6\rxjava-3.1.6.jar;C:\Users\Mohamed\.m2\repository\org\reactivestreams\reactive-streams\1.0.4\reactive-streams-1.0.4.jar;C:\Users\Mohamed\.m2\repository\org\freemarker\freemarker\2.3.32\freemarker-2.3.32.jar;C:\Users\Mohamed\.m2\repository\org\projectlombok\lombok\1.18.26\lombok-1.18.26.jar;C:\Users\Mohamed\.m2\repository\com\google\code\gson\gson\2.10.1\gson-2.10.1.jar;C:\Users\Mohamed\.m2\repository\io\qameta\allure\allure-testng\2.29.0\allure-testng-2.29.0.jar;C:\Users\Mohamed\.m2\repository\io\qameta\allure\allure-java-commons\2.29.0\allure-java-commons-2.29.0.jar;C:\Users\Mohamed\.m2\repository\io\qameta\allure\allure-model\2.29.0\allure-model-2.29.0.jar;C:\Users\Mohamed\.m2\repository\io\qameta\allure\allure-test-filter\2.29.0\allure-test-filter-2.29.0.jar;C:\Users\Mohamed\.m2\repository\io\github\bonigarcia\webdrivermanager\5.8.0\webdrivermanager-5.8.0.jar;C:\Users\Mohamed\.m2\repository\com\github\docker-java\docker-java\3.3.6\docker-java-3.3.6.jar;C:\Users\Mohamed\.m2\repository\com\github\docker-java\docker-java-core\3.3.6\docker-java-core-3.3.6.jar;C:\Users\Mohamed\.m2\repository\com\github\docker-java\docker-java-api\3.3.6\docker-java-api-3.3.6.jar;C:\Users\Mohamed\.m2\repository\com\fasterxml\jackson\core\jackson-annotations\2.10.3\jackson-annotations-2.10.3.jar;C:\Users\Mohamed\.m2\repository\com\fasterxml\jackson\core\jackson-databind\2.10.3\jackson-databind-2.10.3.jar;C:\Users\Mohamed\.m2\repository\com\fasterxml\jackson\core\jackson-core\2.10.3\jackson-core-2.10.3.jar;C:\Users\Mohamed\.m2\repository\org\bouncycastle\bcpkix-jdk18on\1.76\bcpkix-jdk18on-1.76.jar;C:\Users\Mohamed\.m2\repository\org\bouncycastle\bcprov-jdk18on\1.76\bcprov-jdk18on-1.76.jar;C:\Users\Mohamed\.m2\repository\org\bouncycastle\bcutil-jdk18on\1.76\bcutil-jdk18on-1.76.jar;C:\Users\Mohamed\.m2\repository\org\slf4j\jcl-over-slf4j\1.7.30\jcl-over-slf4j-1.7.30.jar;C:\Users\Mohamed\.m2\repository\com\github\docker-java\docker-java-transport-httpclient5\3.3.6\docker-java-transport-httpclient5-3.3.6.jar;C:\Users\Mohamed\.m2\repository\com\github\docker-java\docker-java-transport\3.3.6\docker-java-transport-3.3.6.jar;C:\Users\Mohamed\.m2\repository\net\java\dev\jna\jna\5.13.0\jna-5.13.0.jar;C:\Users\Mohamed\.m2\repository\org\brotli\dec\0.1.2\dec-0.1.2.jar;C:\Users\Mohamed\.m2\repository\org\apache\httpcomponents\client5\httpclient5\5.2.1\httpclient5-5.2.1.jar;C:\Users\Mohamed\.m2\repository\org\apache\httpcomponents\core5\httpcore5\5.2\httpcore5-5.2.jar;C:\Users\Mohamed\.m2\repository\org\apache\httpcomponents\core5\httpcore5-h2\5.2\httpcore5-h2-5.2.jar;C:\Users\Mohamed\.m2\repository\net\datafaker\datafaker\2.4.4\datafaker-2.4.4.jar;C:\Users\Mohamed\.m2\repository\org\yaml\snakeyaml\2.4\snakeyaml-2.4.jar;C:\Users\Mohamed\.m2\repository\com\github\curious-odd-man\rgxgen\3.0\rgxgen-3.0.jar;C:\Users\Mohamed\.m2\repository\com\googlecode\libphonenumber\libphonenumber\9.0.9\libphonenumber-9.0.9.jar;"/>
    <property name="sun.cpu.endian" value="little"/>
    <property name="user.home" value="C:\Users\Mohamed"/>
    <property name="user.language" value="en"/>
    <property name="java.specification.vendor" value="Oracle Corporation"/>
    <property name="java.version.date" value="2025-01-21"/>
    <property name="java.home" value="C:\Program Files\Eclipse Adoptium\jdk-17.0.14.7-hotspot"/>
    <property name="file.separator" value="\"/>
    <property name="basedir" value="D:\ITI\Automation project\orangehrm"/>
    <property name="java.vm.compressedOopsMode" value="Zero based"/>
    <property name="line.separator" value="&#10;"/>
    <property name="java.vm.specification.vendor" value="Oracle Corporation"/>
    <property name="java.specification.name" value="Java Platform API Specification"/>
    <property name="surefire.real.class.path" value="C:\Users\Mohamed\AppData\Local\Temp\surefire16138274298709781442\surefirebooter-20250812023225631_3.jar"/>
    <property name="user.script" value=""/>
    <property name="sun.management.compiler" value="HotSpot 64-Bit Tiered Compilers"/>
    <property name="java.runtime.version" value="17.0.14+7"/>
    <property name="user.name" value="Mohamed"/>
    <property name="path.separator" value=";"/>
    <property name="os.version" value="10.0"/>
    <property name="java.runtime.name" value="OpenJDK Runtime Environment"/>
    <property name="file.encoding" value="Cp1252"/>
    <property name="java.vm.name" value="OpenJDK 64-Bit Server VM"/>
    <property name="java.vendor.version" value="Temurin-17.0.14+7"/>
    <property name="localRepository" value="C:\Users\Mohamed\.m2\repository"/>
    <property name="java.vendor.url.bug" value="https://github.com/adoptium/adoptium-support/issues"/>
    <property name="java.io.tmpdir" value="C:\Users\Mohamed\AppData\Local\Temp\"/>
    <property name="java.version" value="17.0.14"/>
    <property name="user.dir" value="D:\ITI\Automation project\orangehrm"/>
    <property name="os.arch" value="amd64"/>
    <property name="webdriver.gecko.driver" value="C:\Users\Mohamed\.cache\selenium\geckodriver\win64\0.36.0\geckodriver.exe"/>
    <property name="java.vm.specification.name" value="Java Virtual Machine Specification"/>
    <property name="sun.os.patch.level" value=""/>
    <property name="native.encoding" value="Cp1252"/>
    <property name="java.library.path" value="C:\Program Files\Eclipse Adoptium\jdk-17.0.14.7-hotspot\bin;C:\WINDOWS\Sun\Java\bin;C:\WINDOWS\system32;C:\WINDOWS;C:\Program Files (x86)\VMware\VMware Workstation\bin\;C:\Program Files\Eclipse Adoptium\jdk-17.0.14.7-hotspot\bin;C:\Windows\system32;C:\Windows;C:\Windows\System32\Wbem;C:\Windows\System32\WindowsPowerShell\v1.0\;C:\Windows\System32\OpenSSH\;C:\Program Files (x86)\NVIDIA Corporation\PhysX\Common;C:\Program Files\NVIDIA Corporation\NVIDIA NvDLISR;C:\Program Files\dotnet\;C:\Program Files\Microsoft SQL Server\110\Tools\Binn\;C:\WINDOWS\system32;C:\WINDOWS;C:\WINDOWS\System32\Wbem;C:\WINDOWS\System32\WindowsPowerShell\v1.0\;C:\WINDOWS\System32\OpenSSH\;C:\Users\Mohamed\.vscode\sqlite3;C:\Program Files\nodejs\;C:\Program Files\nodejs\node_modules;C:\Users\Mohamed\AppData\Local\Microsoft\WindowsApps\PythonSoftwareFoundation.Python.3.11_qbz5n2kfra8p0;C:\Program Files (x86)\Microsoft SQL Server\160\Tools\Binn\;C:\Program Files\Microsoft SQL Server\160\Tools\Binn\;C:\Program Files\Microsoft SQL Server\Client SDK\ODBC\170\Tools\Binn\;C:\Program Files\Microsoft SQL Server\160\DTS\Binn\;C:\Program Files (x86)\Microsoft SQL Server\160\DTS\Binn\;C:\Program Files\PuTTY\;C:\Program Files\apache-maven-3.9.10\bin;C:\msys64\ucrt64\bin;C:\Program Files\MySQL\MySQL Shell 8.0\bin\;C:\Users\Mohamed\AppData\Local\Microsoft\WindowsApps;C:\Users\Mohamed\AppData\Roaming\npm;C:\Users\Mohamed\AppData\Local\Programs\Microsoft VS Code\bin;;."/>
    <property name="java.vm.info" value="mixed mode, sharing"/>
    <property name="java.vendor" value="Eclipse Adoptium"/>
    <property name="java.vm.version" value="17.0.14+7"/>
    <property name="java.specification.maintenance.version" value="1"/>
    <property name="sun.io.unicode.encoding" value="UnicodeLittle"/>
    <property name="java.class.version" value="61.0"/>
  </properties>
  <testcase name="Verify_Login" classname="testCases.login_Tests.TC001_LoginTest" time="3.147">
    <system-err><![CDATA[SLF4J(W): No SLF4J providers were found.
SLF4J(W): Defaulting to no-operation (NOP) logger implementation
SLF4J(W): See https://www.slf4j.org/codes.html#noProviders for further details.
2025-08-11T23:32:28.848627100Z main DEBUG Apache Log4j Core 2.25 initializing configuration XmlConfiguration[location=D:\ITI\Automation project\orangehrm\target\test-classes\log4j2.xml, lastModified=2025-08-11T22:34:59.263Z]
2025-08-11T23:32:28.850635700Z main DEBUG PluginManager 'Core' found 134 plugins
2025-08-11T23:32:28.850635700Z main DEBUG PluginManager 'Level' found 0 plugins
2025-08-11T23:32:28.857209500Z main DEBUG Building Plugin[name=Property, class=org.apache.logging.log4j.core.config.Property].
2025-08-11T23:32:28.874563200Z main DEBUG PluginManager 'TypeConverter' found 26 plugins
2025-08-11T23:32:28.876574300Z main DEBUG createProperty(name="basePath", value="./logs", Configuration(D:\ITI\Automation project\orangehrm\target\test-classes\log4j2.xml))
2025-08-11T23:32:28.876574300Z main DEBUG Building Plugin[name=Properties, class=org.apache.logging.log4j.core.config.PropertiesPlugin].
2025-08-11T23:32:28.885865Z main DEBUG configureSubstitutor(={basePath=./logs}, Configuration(D:\ITI\Automation project\orangehrm\target\test-classes\log4j2.xml))
2025-08-11T23:32:28.885865Z main DEBUG PluginManager 'Lookup' found 16 plugins
2025-08-11T23:32:28.885865Z main DEBUG Building Plugin[name=layout, class=org.apache.logging.log4j.core.layout.PatternLayout].
2025-08-11T23:32:28.890225100Z main DEBUG PatternLayout$Builder(pattern="%d{HH:mm:ss.SSS} [%t] %-5level %logger{36} - %msg%n", PatternSelector=null, Configuration(D:\ITI\Automation project\orangehrm\target\test-classes\log4j2.xml), Replace=null, charset="null", alwaysWriteExceptions="null", disableAnsi="null", noConsoleNoAnsi="null", header="null", footer="null")
2025-08-11T23:32:28.890225100Z main DEBUG PluginManager 'Converter' found 45 plugins
2025-08-11T23:32:28.937758Z main DEBUG Building Plugin[name=appender, class=org.apache.logging.log4j.core.appender.ConsoleAppender].
2025-08-11T23:32:28.953466600Z main DEBUG ConsoleAppender$Builder(target="SYSTEM_OUT", follow="null", direct="null", bufferedIo="null", bufferSize="null", immediateFlush="null", ignoreExceptions="null", PatternLayout(%d{HH:mm:ss.SSS} [%t] %-5level %logger{36} - %msg%n), name="Console", Configuration(D:\ITI\Automation project\orangehrm\target\test-classes\log4j2.xml), Filter=null, ={})
2025-08-11T23:32:28.958483900Z main DEBUG Starting OutputStreamManager SYSTEM_OUT.false.false
2025-08-11T23:32:28.958483900Z main DEBUG Building Plugin[name=layout, class=org.apache.logging.log4j.core.layout.PatternLayout].
2025-08-11T23:32:28.958483900Z main DEBUG PatternLayout$Builder(pattern="%d{HH:mm:ss.SSS} [%t] %-5level %logger{36} - %msg%n", PatternSelector=null, Configuration(D:\ITI\Automation project\orangehrm\target\test-classes\log4j2.xml), Replace=null, charset="null", alwaysWriteExceptions="null", disableAnsi="null", noConsoleNoAnsi="null", header="null", footer="null")
2025-08-11T23:32:28.958483900Z main DEBUG Building Plugin[name=SizeBasedTriggeringPolicy, class=org.apache.logging.log4j.core.appender.rolling.SizeBasedTriggeringPolicy].
2025-08-11T23:32:28.964637700Z main DEBUG createPolicy(size="50000")
2025-08-11T23:32:28.964637700Z main DEBUG Building Plugin[name=appender, class=org.apache.logging.log4j.core.appender.RollingFileAppender].
2025-08-11T23:32:28.964637700Z main DEBUG RollingFileAppender$Builder(fileName="./logs/automation.log", filePattern="./logs/automation-%d{yyyy-MM-dd}.log", append="null", locking="null", SizeBasedTriggeringPolicy(SizeBasedTriggeringPolicy(size=50000)), Strategy=null, advertise="null", advertiseUri="null", createOnDemand="null", filePermissions="null", fileOwner="null", fileGroup="null", bufferedIo="null", bufferSize="null", immediateFlush="null", ignoreExceptions="null", PatternLayout(%d{HH:mm:ss.SSS} [%t] %-5level %logger{36} - %msg%n), name="File", Configuration(D:\ITI\Automation project\orangehrm\target\test-classes\log4j2.xml), Filter=null, ={})
2025-08-11T23:32:28.981213100Z main DEBUG Returning file creation time for D:\ITI\Automation project\orangehrm\.\logs\automation.log
2025-08-11T23:32:28.981213100Z main DEBUG Starting RollingFileManager ./logs/automation.log
2025-08-11T23:32:28.988414100Z main DEBUG PluginManager 'FileConverter' found 2 plugins
2025-08-11T23:32:28.991119800Z main DEBUG Setting prev file time to 2025-08-12T02:32:28.981+0300
2025-08-11T23:32:28.991119800Z main DEBUG Initializing triggering policy SizeBasedTriggeringPolicy(size=50000)
2025-08-11T23:32:28.991119800Z main DEBUG Building Plugin[name=Appenders, class=org.apache.logging.log4j.core.config.AppendersPlugin].
2025-08-11T23:32:28.991119800Z main DEBUG createAppenders(={Console, File})
2025-08-11T23:32:28.991119800Z main DEBUG Building Plugin[name=AppenderRef, class=org.apache.logging.log4j.core.config.AppenderRef].
2025-08-11T23:32:28.991119800Z main DEBUG createAppenderRef(ref="File", level="null", Filter=null)
2025-08-11T23:32:28.991119800Z main DEBUG Building Plugin[name=Root, class=org.apache.logging.log4j.core.config.LoggerConfig$RootLogger].
2025-08-11T23:32:28.996684500Z main DEBUG LoggerConfig$RootLogger$Builder(additivity="null", level="DEBUG", levelAndRefs="null", includeLocation="null", ={File}, ={}, Configuration(D:\ITI\Automation project\orangehrm\target\test-classes\log4j2.xml), Filter=null)
2025-08-11T23:32:28.996684500Z main DEBUG Building Plugin[name=Loggers, class=org.apache.logging.log4j.core.config.LoggersPlugin].
2025-08-11T23:32:29.004351600Z main DEBUG createLoggers(={root})
2025-08-11T23:32:29.004351600Z main DEBUG Configuration XmlConfiguration[location=D:\ITI\Automation project\orangehrm\target\test-classes\log4j2.xml, lastModified=2025-08-11T22:34:59.263Z] initialized
2025-08-11T23:32:29.004351600Z main INFO Starting configuration XmlConfiguration[location=D:\ITI\Automation project\orangehrm\target\test-classes\log4j2.xml, lastModified=2025-08-11T22:34:59.263Z]...
2025-08-11T23:32:29.004351600Z main INFO Configuration XmlConfiguration[location=D:\ITI\Automation project\orangehrm\target\test-classes\log4j2.xml, lastModified=2025-08-11T22:34:59.263Z] started.
2025-08-11T23:32:29.012623500Z main INFO Stopping configuration org.apache.logging.log4j.core.config.DefaultConfiguration@372ea2bc...
2025-08-11T23:32:29.012623500Z main DEBUG Shutting down OutputStreamManager SYSTEM_OUT.false.false-1
2025-08-11T23:32:29.012623500Z main DEBUG OutputStream closed
2025-08-11T23:32:29.012623500Z main DEBUG Shut down OutputStreamManager SYSTEM_OUT.false.false-1, all resources released: true
2025-08-11T23:32:29.012623500Z main DEBUG Appender DefaultConsole-1 stopped with status true
2025-08-11T23:32:29.012623500Z main INFO Configuration org.apache.logging.log4j.core.config.DefaultConfiguration@372ea2bc stopped.
2025-08-11T23:32:29.028291700Z main DEBUG org.apache.logging.log4j.core.util.SystemClock supports precise timestamps.
2025-08-11T23:32:29.028291700Z main DEBUG Reconfiguration complete for context[name=c387f44] at URI D:\ITI\Automation project\orangehrm\target\test-classes\log4j2.xml (org.apache.logging.log4j.core.LoggerContext@595f4da5) with optional ClassLoader: null
2025-08-11T23:32:29.028291700Z main DEBUG Shutdown hook enabled. Registering a new one.
2025-08-11T23:32:29.028291700Z main DEBUG LoggerContext[name=c387f44, org.apache.logging.log4j.core.LoggerContext@595f4da5] started OK.
Aug 12, 2025 2:32:38 AM org.openqa.selenium.devtools.CdpVersionFinder findNearestMatch
WARNING: Unable to find CDP implementation matching 132
Aug 12, 2025 2:32:38 AM org.openqa.selenium.chromium.ChromiumDriver lambda$new$4
WARNING: Unable to find version of CDP to use for 132.0.6834.159. You may need to include a dependency on a specific version of the CDP using something similar to `org.seleniumhq.selenium:selenium-devtools-v86:4.34.0` where the version ("v86") matches the version of the chromium-based browser you're using and the version number of the artifact is the same as Selenium's.
]]></system-err>
  </testcase>
  <testcase name="Verify_Login" classname="testCases.login_Tests.TC001_LoginTest" time="2.433"/>
  <testcase name="Verify_Login" classname="testCases.login_Tests.TC001_LoginTest" time="2.879">
    <system-err><![CDATA[Aug 12, 2025 2:37:41 AM org.openqa.selenium.manager.SeleniumManager lambda$runCommand$1
WARNING: There was an error managing msedgedriver (error sending request for url (https://msedgedriver.azureedge.net/LATEST_RELEASE_138_WINDOWS)); using driver found in the cache
]]></system-err>
  </testcase>
  <testcase name="Verify_Login_with_dataDrivenTesting[, , fail](1)" classname="testCases.login_Tests.TC002_Login_DataDrivenTesting" time="0.744">
    <system-err><![CDATA[Aug 12, 2025 2:32:45 AM org.openqa.selenium.devtools.CdpVersionFinder findNearestMatch
WARNING: Unable to find CDP implementation matching 132
Aug 12, 2025 2:32:45 AM org.openqa.selenium.chromium.ChromiumDriver lambda$new$4
WARNING: Unable to find version of CDP to use for 132.0.6834.159. You may need to include a dependency on a specific version of the CDP using something similar to `org.seleniumhq.selenium:selenium-devtools-v86:4.34.0` where the version ("v86") matches the version of the chromium-based browser you're using and the version number of the artifact is the same as Selenium's.
]]></system-err>
  </testcase>
  <testcase name="Verify_Login_with_dataDrivenTesting[, , fail](1)" classname="testCases.login_Tests.TC002_Login_DataDrivenTesting" time="0.357"/>
  <testcase name="Verify_Login_with_dataDrivenTesting[, , fail](1)" classname="testCases.login_Tests.TC002_Login_DataDrivenTesting" time="0.748">
    <system-err><![CDATA[Aug 12, 2025 2:37:47 AM org.openqa.selenium.manager.SeleniumManager lambda$runCommand$1
WARNING: There was an error managing msedgedriver (error sending request for url (https://msedgedriver.azureedge.net/LATEST_RELEASE_138_WINDOWS)); using driver found in the cache
]]></system-err>
  </testcase>
  <testcase name="Verify_Login_with_dataDrivenTesting[, admin123, fail](2)" classname="testCases.login_Tests.TC002_Login_DataDrivenTesting" time="0.726"/>
  <testcase name="Verify_Login_with_dataDrivenTesting[, admin123, fail](2)" classname="testCases.login_Tests.TC002_Login_DataDrivenTesting" time="0.227"/>
  <testcase name="Verify_Login_with_dataDrivenTesting[, admin123, fail](2)" classname="testCases.login_Tests.TC002_Login_DataDrivenTesting" time="0.596"/>
  <testcase name="Verify_Login_with_dataDrivenTesting[Admin, , fail](3)" classname="testCases.login_Tests.TC002_Login_DataDrivenTesting" time="0.676"/>
  <testcase name="Verify_Login_with_dataDrivenTesting[Admin, , fail](3)" classname="testCases.login_Tests.TC002_Login_DataDrivenTesting" time="0.266"/>
  <testcase name="Verify_Login_with_dataDrivenTesting[Admin, , fail](3)" classname="testCases.login_Tests.TC002_Login_DataDrivenTesting" time="0.639"/>
  <testcase name="Verify_Login_with_dataDrivenTesting[A, admin123, fail](4)" classname="testCases.login_Tests.TC002_Login_DataDrivenTesting" time="1.903"/>
  <testcase name="Verify_Login_with_dataDrivenTesting[A, admin123, fail](4)" classname="testCases.login_Tests.TC002_Login_DataDrivenTesting" time="1.5"/>
  <testcase name="Verify_Login_with_dataDrivenTesting[A, admin123, fail](4)" classname="testCases.login_Tests.TC002_Login_DataDrivenTesting" time="1.792"/>
  <testcase name="Verify_Login_with_dataDrivenTesting[Admin, admin123, pass](5)" classname="testCases.login_Tests.TC002_Login_DataDrivenTesting" time="3.47"/>
  <testcase name="Verify_Login_with_dataDrivenTesting[Admin, admin123, pass](5)" classname="testCases.login_Tests.TC002_Login_DataDrivenTesting" time="3.248"/>
  <testcase name="Verify_Login_with_dataDrivenTesting[Admin, admin123, pass](5)" classname="testCases.login_Tests.TC002_Login_DataDrivenTesting" time="3.144"/>
  <testcase name="Verify_Login_with_dataDrivenTesting[Admin, 123, fail](6)" classname="testCases.login_Tests.TC002_Login_DataDrivenTesting" time="2.601"/>
  <testcase name="Verify_Login_with_dataDrivenTesting[Admin, 123, fail](6)" classname="testCases.login_Tests.TC002_Login_DataDrivenTesting" time="2.525"/>
  <testcase name="Verify_Login_with_dataDrivenTesting[Admin, 123, fail](6)" classname="testCases.login_Tests.TC002_Login_DataDrivenTesting" time="2.713"/>
  <testcase name="Verify_AddEmployee" classname="testCases.EmployeeEndtoEnd_Tests.TC003_AddEmployeeTest" time="9.904">
    <system-err><![CDATA[Aug 12, 2025 2:33:00 AM org.openqa.selenium.devtools.CdpVersionFinder findNearestMatch
WARNING: Unable to find CDP implementation matching 132
Aug 12, 2025 2:33:00 AM org.openqa.selenium.chromium.ChromiumDriver lambda$new$4
WARNING: Unable to find version of CDP to use for 132.0.6834.159. You may need to include a dependency on a specific version of the CDP using something similar to `org.seleniumhq.selenium:selenium-devtools-v86:4.34.0` where the version ("v86") matches the version of the chromium-based browser you're using and the version number of the artifact is the same as Selenium's.
]]></system-err>
  </testcase>
  <testcase name="Verify_AddEmployee" classname="testCases.EmployeeEndtoEnd_Tests.TC003_AddEmployeeTest" time="8.725"/>
  <testcase name="Verify_AddEmployee" classname="testCases.EmployeeEndtoEnd_Tests.TC003_AddEmployeeTest" time="9.217">
    <system-err><![CDATA[Aug 12, 2025 2:38:01 AM org.openqa.selenium.manager.SeleniumManager lambda$runCommand$1
WARNING: There was an error managing msedgedriver (error sending request for url (https://msedgedriver.azureedge.net/LATEST_RELEASE_138_WINDOWS)); using driver found in the cache
]]></system-err>
  </testcase>
  <testcase name="Verify_SearchEmployee" classname="testCases.EmployeeEndtoEnd_Tests.TC004_SearchforEmployeeTest" time="8.636">
    <system-err><![CDATA[Aug 12, 2025 2:33:13 AM org.openqa.selenium.devtools.CdpVersionFinder findNearestMatch
WARNING: Unable to find CDP implementation matching 132
Aug 12, 2025 2:33:13 AM org.openqa.selenium.chromium.ChromiumDriver lambda$new$4
WARNING: Unable to find version of CDP to use for 132.0.6834.159. You may need to include a dependency on a specific version of the CDP using something similar to `org.seleniumhq.selenium:selenium-devtools-v86:4.34.0` where the version ("v86") matches the version of the chromium-based browser you're using and the version number of the artifact is the same as Selenium's.
]]></system-err>
  </testcase>
  <testcase name="Verify_SearchEmployee" classname="testCases.EmployeeEndtoEnd_Tests.TC004_SearchforEmployeeTest" time="8.224"/>
  <testcase name="Verify_SearchEmployee" classname="testCases.EmployeeEndtoEnd_Tests.TC004_SearchforEmployeeTest" time="8.523">
    <system-err><![CDATA[Aug 12, 2025 2:38:14 AM org.openqa.selenium.manager.SeleniumManager lambda$runCommand$1
WARNING: There was an error managing msedgedriver (error sending request for url (https://msedgedriver.azureedge.net/LATEST_RELEASE_138_WINDOWS)); using driver found in the cache
]]></system-err>
  </testcase>
  <testcase name="Verify_LoginWithNewEmployee" classname="testCases.EmployeeEndtoEnd_Tests.TC005_LoginNewEmployeeTest" time="3.035">
    <system-err><![CDATA[Aug 12, 2025 2:33:25 AM org.openqa.selenium.devtools.CdpVersionFinder findNearestMatch
WARNING: Unable to find CDP implementation matching 132
Aug 12, 2025 2:33:25 AM org.openqa.selenium.chromium.ChromiumDriver lambda$new$4
WARNING: Unable to find version of CDP to use for 132.0.6834.159. You may need to include a dependency on a specific version of the CDP using something similar to `org.seleniumhq.selenium:selenium-devtools-v86:4.34.0` where the version ("v86") matches the version of the chromium-based browser you're using and the version number of the artifact is the same as Selenium's.
]]></system-err>
  </testcase>
  <testcase name="Verify_LoginWithNewEmployee" classname="testCases.EmployeeEndtoEnd_Tests.TC005_LoginNewEmployeeTest" time="2.44"/>
  <testcase name="Verify_LoginWithNewEmployee" classname="testCases.EmployeeEndtoEnd_Tests.TC005_LoginNewEmployeeTest" time="2.834">
    <system-err><![CDATA[Aug 12, 2025 2:38:26 AM org.openqa.selenium.manager.SeleniumManager lambda$runCommand$1
WARNING: There was an error managing msedgedriver (error sending request for url (https://msedgedriver.azureedge.net/LATEST_RELEASE_138_WINDOWS)); using driver found in the cache
]]></system-err>
  </testcase>
  <testcase name="Verify_TerminateEmployeeContract" classname="testCases.EmployeeEndtoEnd_Tests.TC006_TerminateEmployeeContractTest" time="14.475">
    <system-err><![CDATA[Aug 12, 2025 2:33:31 AM org.openqa.selenium.devtools.CdpVersionFinder findNearestMatch
WARNING: Unable to find CDP implementation matching 132
Aug 12, 2025 2:33:31 AM org.openqa.selenium.chromium.ChromiumDriver lambda$new$4
WARNING: Unable to find version of CDP to use for 132.0.6834.159. You may need to include a dependency on a specific version of the CDP using something similar to `org.seleniumhq.selenium:selenium-devtools-v86:4.34.0` where the version ("v86") matches the version of the chromium-based browser you're using and the version number of the artifact is the same as Selenium's.
]]></system-err>
  </testcase>
  <testcase name="Verify_TerminateEmployeeContract" classname="testCases.EmployeeEndtoEnd_Tests.TC006_TerminateEmployeeContractTest" time="14.285"/>
  <testcase name="Verify_TerminateEmployeeContract" classname="testCases.EmployeeEndtoEnd_Tests.TC006_TerminateEmployeeContractTest" time="18.952">
    <system-err><![CDATA[Aug 12, 2025 2:38:32 AM org.openqa.selenium.manager.SeleniumManager lambda$runCommand$1
WARNING: There was an error managing msedgedriver (error sending request for url (https://msedgedriver.azureedge.net/LATEST_RELEASE_138_WINDOWS)); using driver found in the cache
]]></system-err>
  </testcase>
  <testcase name="Verify_LoginWithNewEmployee" classname="testCases.EmployeeEndtoEnd_Tests.TC007_LoginAsTerminatedEmployeeTest" time="2.873">
    <system-err><![CDATA[Aug 12, 2025 2:33:49 AM org.openqa.selenium.devtools.CdpVersionFinder findNearestMatch
WARNING: Unable to find CDP implementation matching 132
Aug 12, 2025 2:33:49 AM org.openqa.selenium.chromium.ChromiumDriver lambda$new$4
WARNING: Unable to find version of CDP to use for 132.0.6834.159. You may need to include a dependency on a specific version of the CDP using something similar to `org.seleniumhq.selenium:selenium-devtools-v86:4.34.0` where the version ("v86") matches the version of the chromium-based browser you're using and the version number of the artifact is the same as Selenium's.
]]></system-err>
  </testcase>
  <testcase name="Verify_LoginWithNewEmployee" classname="testCases.EmployeeEndtoEnd_Tests.TC007_LoginAsTerminatedEmployeeTest" time="2.46"/>
  <testcase name="Verify_LoginWithNewEmployee" classname="testCases.EmployeeEndtoEnd_Tests.TC007_LoginAsTerminatedEmployeeTest" time="4.508">
    <system-err><![CDATA[Aug 12, 2025 2:38:55 AM org.openqa.selenium.manager.SeleniumManager lambda$runCommand$1
WARNING: There was an error managing msedgedriver (error sending request for url (https://msedgedriver.azureedge.net/LATEST_RELEASE_138_WINDOWS)); using driver found in the cache
2025-08-11T23:38:59.011770400Z main DEBUG Formatting file name. useCurrentTime=false. currentFileTime=0, prevFileTime=0
2025-08-11T23:38:59.011770400Z main DEBUG Eligible files: {}
2025-08-11T23:38:59.011770400Z main DEBUG Formatting file name. useCurrentTime=false. currentFileTime=0, prevFileTime=0
2025-08-11T23:38:59.011770400Z main DEBUG OutputStream closed
2025-08-11T23:38:59.011770400Z main DEBUG RollingFileManager executing synchronous FileRenameAction[.\logs\automation.log to .\logs\automation-2025-08-12.log, renameEmptyFiles=false]
2025-08-11T23:38:59.011770400Z main DEBUG Now writing to ./logs/automation.log at 2025-08-12T02:38:59.011+0300
]]></system-err>
  </testcase>
  <testcase name="Verify_AddEmployee" classname="testCases.EmployeeEndtoEnd_Tests.TC008_RemoveEmployeeTest" time="9.946">
    <system-err><![CDATA[Aug 12, 2025 2:33:55 AM org.openqa.selenium.devtools.CdpVersionFinder findNearestMatch
WARNING: Unable to find CDP implementation matching 132
Aug 12, 2025 2:33:55 AM org.openqa.selenium.chromium.ChromiumDriver lambda$new$4
WARNING: Unable to find version of CDP to use for 132.0.6834.159. You may need to include a dependency on a specific version of the CDP using something similar to `org.seleniumhq.selenium:selenium-devtools-v86:4.34.0` where the version ("v86") matches the version of the chromium-based browser you're using and the version number of the artifact is the same as Selenium's.
]]></system-err>
  </testcase>
  <testcase name="Verify_AddEmployee" classname="testCases.EmployeeEndtoEnd_Tests.TC008_RemoveEmployeeTest" time="9.255"/>
  <testcase name="Verify_AddEmployee" classname="testCases.EmployeeEndtoEnd_Tests.TC008_RemoveEmployeeTest" time="9.806">
    <system-err><![CDATA[Aug 12, 2025 2:39:03 AM org.openqa.selenium.manager.SeleniumManager lambda$runCommand$1
WARNING: There was an error managing msedgedriver (error sending request for url (https://msedgedriver.azureedge.net/LATEST_RELEASE_138_WINDOWS)); using driver found in the cache
]]></system-err>
  </testcase>
  <testcase name="Validate_AddingVacancy" classname="testCases.CandidateEndtoEnd_Tests.TC009_CandidateAddingToHiring_Test" time="11.546">
    <system-err><![CDATA[Aug 12, 2025 2:34:08 AM org.openqa.selenium.devtools.CdpVersionFinder findNearestMatch
WARNING: Unable to find CDP implementation matching 132
Aug 12, 2025 2:34:08 AM org.openqa.selenium.chromium.ChromiumDriver lambda$new$4
WARNING: Unable to find version of CDP to use for 132.0.6834.159. You may need to include a dependency on a specific version of the CDP using something similar to `org.seleniumhq.selenium:selenium-devtools-v86:4.34.0` where the version ("v86") matches the version of the chromium-based browser you're using and the version number of the artifact is the same as Selenium's.
]]></system-err>
  </testcase>
  <testcase name="Validate_AddingVacancy" classname="testCases.CandidateEndtoEnd_Tests.TC009_CandidateAddingToHiring_Test" time="11.858"/>
  <testcase name="Validate_AddingVacancy" classname="testCases.CandidateEndtoEnd_Tests.TC009_CandidateAddingToHiring_Test" time="11.404">
    <system-err><![CDATA[Aug 12, 2025 2:39:17 AM org.openqa.selenium.manager.SeleniumManager lambda$runCommand$1
WARNING: There was an error managing msedgedriver (error sending request for url (https://msedgedriver.azureedge.net/LATEST_RELEASE_138_WINDOWS)); using driver found in the cache
]]></system-err>
  </testcase>
  <testcase name="Validate_AddingCandidate" classname="testCases.CandidateEndtoEnd_Tests.TC009_CandidateAddingToHiring_Test" time="4.317"/>
  <testcase name="Validate_AddingCandidate" classname="testCases.CandidateEndtoEnd_Tests.TC009_CandidateAddingToHiring_Test" time="3.633"/>
  <testcase name="Validate_AddingCandidate" classname="testCases.CandidateEndtoEnd_Tests.TC009_CandidateAddingToHiring_Test" time="4.35"/>
  <testcase name="Validate_AddCandidateToShortList" classname="testCases.CandidateEndtoEnd_Tests.TC009_CandidateAddingToHiring_Test" time="5.732"/>
  <testcase name="Validate_AddCandidateToShortList" classname="testCases.CandidateEndtoEnd_Tests.TC009_CandidateAddingToHiring_Test" time="5.903"/>
  <testcase name="Validate_AddCandidateToShortList" classname="testCases.CandidateEndtoEnd_Tests.TC009_CandidateAddingToHiring_Test" time="5.656"/>
  <testcase name="Validate_SchedulingInterview" classname="testCases.CandidateEndtoEnd_Tests.TC009_CandidateAddingToHiring_Test" time="7.916"/>
  <testcase name="Validate_SchedulingInterview" classname="testCases.CandidateEndtoEnd_Tests.TC009_CandidateAddingToHiring_Test" time="7.153"/>
  <testcase name="Validate_SchedulingInterview" classname="testCases.CandidateEndtoEnd_Tests.TC009_CandidateAddingToHiring_Test" time="7.783"/>
  <testcase name="Validate_PassingInterview" classname="testCases.CandidateEndtoEnd_Tests.TC009_CandidateAddingToHiring_Test" time="5.284"/>
  <testcase name="Validate_PassingInterview" classname="testCases.CandidateEndtoEnd_Tests.TC009_CandidateAddingToHiring_Test" time="5.368"/>
  <testcase name="Validate_PassingInterview" classname="testCases.CandidateEndtoEnd_Tests.TC009_CandidateAddingToHiring_Test" time="5.583"/>
  <testcase name="Validate_OfferJob" classname="testCases.CandidateEndtoEnd_Tests.TC009_CandidateAddingToHiring_Test" time="5.317"/>
  <testcase name="Validate_OfferJob" classname="testCases.CandidateEndtoEnd_Tests.TC009_CandidateAddingToHiring_Test" time="5.312"/>
  <testcase name="Validate_OfferJob" classname="testCases.CandidateEndtoEnd_Tests.TC009_CandidateAddingToHiring_Test" time="5.599"/>
  <testcase name="Validate_HiringCandidate" classname="testCases.CandidateEndtoEnd_Tests.TC009_CandidateAddingToHiring_Test" time="5.258"/>
  <testcase name="Validate_HiringCandidate" classname="testCases.CandidateEndtoEnd_Tests.TC009_CandidateAddingToHiring_Test" time="5.808"/>
  <testcase name="Validate_HiringCandidate" classname="testCases.CandidateEndtoEnd_Tests.TC009_CandidateAddingToHiring_Test" time="6.299"/>
</testsuite>