<?xml version="1.0" encoding="UTF-8"?>
<!-- Generated by org.testng.reporters.JUnitReportReporter -->
<testsuite hostname="LAPTOP-4E50I06M" failures="0" tests="3" name="testCases.login_Tests.TC001_LoginTest" time="8.473" errors="0" timestamp="2025-08-12T02:40:07 EEST" skipped="0">
  <testcase classname="testCases.login_Tests.TC001_LoginTest" name="Verify_Login" time="3.156"/>
  <testcase classname="testCases.login_Tests.TC001_LoginTest" name="Verify_Login" time="2.432"/>
  <testcase classname="testCases.login_Tests.TC001_LoginTest" name="Verify_Login" time="2.885"/>
</testsuite> <!-- testCases.login_Tests.TC001_LoginTest -->
