<?xml version="1.0" encoding="UTF-8"?>
<!-- Generated by org.testng.reporters.JUnitReportReporter -->
<testsuite hostname="LAPTOP-4E50I06M" failures="0" tests="3" name="testCases.EmployeeEndtoEnd_Tests.TC008_RemoveEmployeeTest" time="29.013" errors="0" timestamp="2025-08-12T02:40:07 EEST" skipped="0">
  <testcase classname="testCases.EmployeeEndtoEnd_Tests.TC008_RemoveEmployeeTest" name="Verify_AddEmployee" time="9.250"/>
  <testcase classname="testCases.EmployeeEndtoEnd_Tests.TC008_RemoveEmployeeTest" name="Verify_AddEmployee" time="9.954"/>
  <testcase classname="testCases.EmployeeEndtoEnd_Tests.TC008_RemoveEmployeeTest" name="Verify_AddEmployee" time="9.809"/>
</testsuite> <!-- testCases.EmployeeEndtoEnd_Tests.TC008_RemoveEmployeeTest -->
