<?xml version="1.0" encoding="UTF-8"?>
<!-- Generated by org.testng.reporters.JUnitReportReporter -->
<testsuite hostname="LAPTOP-4E50I06M" failures="0" tests="3" name="testCases.EmployeeEndtoEnd_Tests.TC007_LoginAsTerminatedEmployeeTest" time="9.857" errors="0" timestamp="2025-08-12T02:40:07 EEST" skipped="0">
  <testcase classname="testCases.EmployeeEndtoEnd_Tests.TC007_LoginAsTerminatedEmployeeTest" name="Verify_LoginWithNewEmployee" time="4.508"/>
  <testcase classname="testCases.EmployeeEndtoEnd_Tests.TC007_LoginAsTerminatedEmployeeTest" name="Verify_LoginWithNewEmployee" time="2.873"/>
  <testcase classname="testCases.EmployeeEndtoEnd_Tests.TC007_LoginAsTerminatedEmployeeTest" name="Verify_LoginWithNewEmployee" time="2.476"/>
</testsuite> <!-- testCases.EmployeeEndtoEnd_Tests.TC007_LoginAsTerminatedEmployeeTest -->
