<?xml version="1.0" encoding="UTF-8"?>
<!-- Generated by org.testng.reporters.JUnitReportReporter -->
<testsuite hostname="LAPTOP-4E50I06M" failures="0" tests="3" name="testCases.EmployeeEndtoEnd_Tests.TC004_SearchforEmployeeTest" time="25.389" errors="0" timestamp="2025-08-12T02:40:07 EEST" skipped="0">
  <testcase classname="testCases.EmployeeEndtoEnd_Tests.TC004_SearchforEmployeeTest" name="Verify_SearchEmployee" time="8.638"/>
  <testcase classname="testCases.EmployeeEndtoEnd_Tests.TC004_SearchforEmployeeTest" name="Verify_SearchEmployee" time="8.528"/>
  <testcase classname="testCases.EmployeeEndtoEnd_Tests.TC004_SearchforEmployeeTest" name="Verify_SearchEmployee" time="8.223"/>
</testsuite> <!-- testCases.EmployeeEndtoEnd_Tests.TC004_SearchforEmployeeTest -->
