<?xml version="1.0" encoding="UTF-8"?>
<!-- Generated by org.testng.reporters.JUnitReportReporter -->
<testsuite hostname="LAPTOP-4E50I06M" failures="0" tests="3" name="testCases.EmployeeEndtoEnd_Tests.TC006_TerminateEmployeeContractTest" time="47.735" errors="0" timestamp="2025-08-12T02:40:07 EEST" skipped="0">
  <testcase classname="testCases.EmployeeEndtoEnd_Tests.TC006_TerminateEmployeeContractTest" name="Verify_TerminateEmployeeContract" time="18.958"/>
  <testcase classname="testCases.EmployeeEndtoEnd_Tests.TC006_TerminateEmployeeContractTest" name="Verify_TerminateEmployeeContract" time="14.476"/>
  <testcase classname="testCases.EmployeeEndtoEnd_Tests.TC006_TerminateEmployeeContractTest" name="Verify_TerminateEmployeeContract" time="14.301"/>
</testsuite> <!-- testCases.EmployeeEndtoEnd_Tests.TC006_TerminateEmployeeContractTest -->
